Using pre-set license
Built from '2020.3/release' branch; Version is '2020.3.1f1 (77a89f25062f) revision 7841951'; Using compiler version '192528614'; Build Type 'Release'
OS: 'Windows 10 Pro; OS build 18363.1440; Version 1909; 64bit' Language: 'ko' Physical Memory: 16302 MB
BatchMode: 1, IsHumanControllingUs: 0, StartBugReporterOnCrash: 0, Is64bit: 1, IsPro: 0

 COMMAND LINE ARGUMENTS:
C:\Program Files\Unity\Hub\Editor\2020.3.1f1\Editor\Unity.exe
-adb2
-batchMode
-noUpm
-name
AssetImportWorker0
-projectPath
D:/GitHub/unityTestProject/project 001
-logFile
Logs/AssetImportWorker0.log
-srvPort
56756
Successfully changed project path to: D:/GitHub/unityTestProject/project 001
D:/GitHub/unityTestProject/project 001
Using Asset Import Pipeline V2.
Refreshing native plugins compatible for Editor in 17.27 ms, found 0 plugins.
Preloading 0 native plugins for Editor in 0.00 ms.
Initialize engine version: 2020.3.1f1 (77a89f25062f)
[Subsystems] Discovering subsystems at path C:/Program Files/Unity/Hub/Editor/2020.3.1f1/Editor/Data/Resources/UnitySubsystems
[Subsystems] Discovering subsystems at path D:/GitHub/unityTestProject/project 001/Assets
GfxDevice: creating device client; threaded=0
Direct3D:
    Version:  Direct3D 11.0 [level 11.1]
    Renderer: NVIDIA GeForce RTX 2080 Ti (ID=0x1e07)
    Vendor:   
    VRAM:     11049 MB
    Driver:   27.21.14.6109
Initialize mono
Mono path[0] = 'C:/Program Files/Unity/Hub/Editor/2020.3.1f1/Editor/Data/Managed'
Mono path[1] = 'C:/Program Files/Unity/Hub/Editor/2020.3.1f1/Editor/Data/MonoBleedingEdge/lib/mono/unityjit'
Mono config path = 'C:/Program Files/Unity/Hub/Editor/2020.3.1f1/Editor/Data/MonoBleedingEdge/etc'
Using monoOptions --debugger-agent=transport=dt_socket,embedding=1,server=y,suspend=n,address=127.0.0.1:56484
Begin MonoManager ReloadAssembly
Registering precompiled unity dll's ...
Register platform support module: C:/Program Files/Unity/Hub/Editor/2020.3.1f1/Editor/Data/PlaybackEngines/WindowsStandaloneSupport/UnityEditor.WindowsStandalone.Extensions.dll
Registered in 0.002275 seconds.
Native extension for WindowsStandalone target not found
Refreshing native plugins compatible for Editor in 17.57 ms, found 0 plugins.
Preloading 0 native plugins for Editor in 0.00 ms.
Invoked RoslynAnalysisRunner static constructor.
RoslynAnalysisRunner will not be running.
RoslynAnalysisRunner has terminated.
Mono: successfully reloaded assembly
- Completed reload, in  1.473 seconds
Platform modules already initialized, skipping
Registering precompiled user dll's ...
Registered in 0.000527 seconds.
Begin MonoManager ReloadAssembly
Native extension for WindowsStandalone target not found
Refreshing native plugins compatible for Editor in 0.17 ms, found 0 plugins.
Preloading 0 native plugins for Editor in 0.00 ms.
Invoked RoslynAnalysisRunner static constructor.
RoslynAnalysisRunner will not be running.
RoslynAnalysisRunner has terminated.
Mono: successfully reloaded assembly
- Completed reload, in  0.634 seconds
Platform modules already initialized, skipping
========================================================================
Worker process is ready to serve import requests
Launched and connected shader compiler UnityShaderCompiler.exe after 0.03 seconds
Refreshing native plugins compatible for Editor in 0.31 ms, found 0 plugins.
Preloading 0 native plugins for Editor in 0.00 ms.
Unloading 1113 Unused Serialized files (Serialized files now loaded: 0)
System memory in use before: 59.5 MB.
System memory in use after: 59.5 MB.

Unloading 10 unused Assets to reduce memory usage. Loaded Objects now: 1555.
Total: 1.237200 ms (FindLiveObjects: 0.120400 ms CreateObjectMapping: 0.035500 ms MarkObjects: 1.023200 ms  DeleteObjects: 0.057400 ms)

========================================================================
Received Import Request.
  path: Assets/Scenes
  artifactKey: Guid(76087da882e8d0d4a86de23a77ac437c) Importer(815301076,1909f56bfc062723c751e8b465ee728b)
Start importing Assets/Scenes using Guid(76087da882e8d0d4a86de23a77ac437c) Importer(815301076,1909f56bfc062723c751e8b465ee728b)  -> (artifact id: 'dc666ccbe23c539e7967df43072b656d') in 0.004116 seconds
  Import took 0.005429 seconds .

========================================================================
Received Import Request.
  Time since last request: 9.499692 seconds.
  path: Assets/Scenes/New Scene.unity
  artifactKey: Guid(c50bb201a0ec0254bb9bdd217371da28) Importer(815301076,1909f56bfc062723c751e8b465ee728b)
Start importing Assets/Scenes/New Scene.unity using Guid(c50bb201a0ec0254bb9bdd217371da28) Importer(815301076,1909f56bfc062723c751e8b465ee728b)  -> (artifact id: '156238d206785c173b9ab70f0939530d') in 0.006681 seconds
  Import took 0.008078 seconds .

========================================================================
Received Import Request.
  Time since last request: 4.672639 seconds.
  path: Assets/Scenes/Lab.unity
  artifactKey: Guid(c50bb201a0ec0254bb9bdd217371da28) Importer(815301076,1909f56bfc062723c751e8b465ee728b)
Start importing Assets/Scenes/Lab.unity using Guid(c50bb201a0ec0254bb9bdd217371da28) Importer(815301076,1909f56bfc062723c751e8b465ee728b)  -> (artifact id: 'dd41a7c0097a96b1adb87fe73113a572') in 0.002116 seconds
  Import took 0.003484 seconds .

========================================================================
Received Import Request.
  Time since last request: 5.308611 seconds.
  path: Assets
  artifactKey: Guid(00000000000000001000000000000000) Importer(815301076,1909f56bfc062723c751e8b465ee728b)
Start importing Assets using Guid(00000000000000001000000000000000) Importer(815301076,1909f56bfc062723c751e8b465ee728b)  -> (artifact id: 'a6374019befeac6ce670f13ba9960efb') in 0.001884 seconds
  Import took 0.003270 seconds .

========================================================================
Received Import Request.
  Time since last request: 0.000703 seconds.
  path: Assets
  artifactKey: Guid(00000000000000001000000000000000) Importer(815301076,1909f56bfc062723c751e8b465ee728b)
Start importing Assets using Guid(00000000000000001000000000000000) Importer(815301076,1909f56bfc062723c751e8b465ee728b)  -> (artifact id: 'a6374019befeac6ce670f13ba9960efb') in 0.001644 seconds
  Import took 0.002882 seconds .

========================================================================
Received Import Request.
  Time since last request: 4.038080 seconds.
  path: Assets/script
  artifactKey: Guid(4c47fd8ef4bb6e2488b5fbcac6ecb7ae) Importer(815301076,1909f56bfc062723c751e8b465ee728b)
Start importing Assets/script using Guid(4c47fd8ef4bb6e2488b5fbcac6ecb7ae) Importer(815301076,1909f56bfc062723c751e8b465ee728b)  -> (artifact id: '3977383896ae2295ac2ef2e6e9d77323') in 0.001866 seconds
  Import took 0.003227 seconds .

========================================================================
Received Import Request.
  Time since last request: 5.783119 seconds.
  path: Assets/script/test.cs
  artifactKey: Guid(f9bc8ef40cf15244eaa0a8e58cc49961) Importer(815301076,1909f56bfc062723c751e8b465ee728b)
Start importing Assets/script/test.cs using Guid(f9bc8ef40cf15244eaa0a8e58cc49961) Importer(815301076,1909f56bfc062723c751e8b465ee728b)  -> (artifact id: 'a3211a22d01b66bed3eb7ef0b27e0c1e') in 0.016475 seconds
  Import took 0.017858 seconds .

========================================================================
Received Prepare
Registering precompiled user dll's ...
Registered in 0.000475 seconds.
Begin MonoManager ReloadAssembly
Native extension for WindowsStandalone target not found
Refreshing native plugins compatible for Editor in 0.17 ms, found 0 plugins.
Preloading 0 native plugins for Editor in 0.00 ms.
Invoked RoslynAnalysisRunner static constructor.
RoslynAnalysisRunner will not be running.
RoslynAnalysisRunner has terminated.
Mono: successfully reloaded assembly
- Completed reload, in  0.604 seconds
Platform modules already initialized, skipping
Refreshing native plugins compatible for Editor in 0.15 ms, found 0 plugins.
Preloading 0 native plugins for Editor in 0.00 ms.
Unloading 1109 Unused Serialized files (Serialized files now loaded: 0)
System memory in use before: 59.5 MB.
System memory in use after: 59.5 MB.

Unloading 5 unused Assets to reduce memory usage. Loaded Objects now: 1559.
Total: 1.145100 ms (FindLiveObjects: 0.097500 ms CreateObjectMapping: 0.027800 ms MarkObjects: 0.987900 ms  DeleteObjects: 0.031200 ms)

AssetImportWorkerClient::OnTransportError - code=2 error=End of file
